TN:
SF:backend\app.ts
FN:16,(anonymous_1)
FN:20,(anonymous_2)
FN:27,(anonymous_3)
FN:28,(anonymous_4)
FN:29,(anonymous_5)
FNF:5
FNH:3
FNDA:2,(anonymous_1)
FNDA:711,(anonymous_2)
FNDA:0,(anonymous_3)
FNDA:0,(anonymous_4)
FNDA:85,(anonymous_5)
DA:1,1
DA:2,1
DA:3,1
DA:4,1
DA:5,1
DA:6,1
DA:7,1
DA:8,1
DA:9,1
DA:10,1
DA:12,1
DA:13,1
DA:14,1
DA:16,2
DA:18,1
DA:19,1
DA:20,711
DA:21,1
DA:22,1
DA:23,1
DA:24,1
DA:25,1
DA:26,1
DA:27,1
DA:28,1
DA:29,1
DA:30,85
DA:31,2
DA:32,2
DA:33,2
DA:34,0
DA:36,2
DA:42,2
DA:44,1
LF:34
LH:33
BRDA:14,0,0,1
BRDA:14,0,1,0
BRDA:30,1,0,83
BRDA:30,1,1,2
BRDA:31,2,0,0
BRDA:31,2,1,2
BRDA:32,3,0,0
BRDA:32,3,1,2
BRDA:33,4,0,0
BRDA:33,4,1,2
BRDA:33,5,0,2
BRDA:33,5,1,2
BRDA:40,6,0,0
BRDA:40,6,1,2
BRF:14
BRH:9
end_of_record
TN:
SF:backend\config.ts
FNF:0
FNH:0
DA:1,1
DA:2,1
DA:5,1
DA:6,1
LF:4
LH:4
BRF:0
BRH:0
end_of_record
TN:
SF:backend\middleware\requireAdmin.ts
FN:3,isAdministrator
FN:4,(anonymous_1)
FN:7,requireAdmin
FNF:3
FNH:3
FNDA:492,isAdministrator
FNDA:492,(anonymous_1)
FNDA:490,requireAdmin
DA:3,1
DA:4,492
DA:7,1
DA:8,490
DA:9,8
DA:11,482
LF:6
LH:6
BRDA:4,0,0,492
BRDA:4,0,1,0
BRDA:8,1,0,8
BRDA:8,1,1,482
BRDA:8,2,0,490
BRDA:8,2,1,490
BRF:6
BRH:5
end_of_record
TN:
SF:backend\middleware\requireAuth.ts
FN:25,requireAuth
FNF:1
FNH:1
FNDA:732,requireAuth
DA:2,1
DA:25,1
DA:26,732
DA:28,732
DA:29,4
DA:32,728
DA:34,728
DA:36,728
DA:37,1
DA:40,727
DA:45,727
LF:11
LH:11
BRDA:28,0,0,4
BRDA:28,0,1,728
BRDA:28,1,0,732
BRDA:28,1,1,728
BRDA:36,2,0,1
BRDA:36,2,1,727
BRDA:36,3,0,728
BRDA:36,3,1,727
BRDA:42,4,0,0
BRDA:42,4,1,727
BRF:10
BRH:9
end_of_record
TN:
SF:backend\routes\admin.ts
FN:8,revision
FN:17,(anonymous_1)
FN:20,(anonymous_2)
FN:25,(anonymous_3)
FN:31,(anonymous_4)
FN:43,(anonymous_5)
FN:48,(anonymous_6)
FN:54,(anonymous_7)
FN:66,(anonymous_8)
FN:70,eventValues
FN:81,cardValues
FN:90,challengeValues
FN:97,(anonymous_12)
FN:109,(anonymous_13)
FN:114,(anonymous_14)
FN:120,(anonymous_15)
FN:127,(anonymous_16)
FN:135,(anonymous_17)
FN:141,(anonymous_18)
FN:146,(anonymous_19)
FN:152,(anonymous_20)
FN:158,(anonymous_21)
FN:163,(anonymous_22)
FN:169,(anonymous_23)
FNF:24
FNH:24
FNDA:240,revision
FNDA:2,(anonymous_1)
FNDA:2,(anonymous_2)
FNDA:42,(anonymous_3)
FNDA:43,(anonymous_4)
FNDA:3,(anonymous_5)
FNDA:78,(anonymous_6)
FNDA:77,(anonymous_7)
FNDA:2,(anonymous_8)
FNDA:90,eventValues
FNDA:83,cardValues
FNDA:161,challengeValues
FNDA:164,(anonymous_12)
FNDA:2,(anonymous_13)
FNDA:5,(anonymous_14)
FNDA:44,(anonymous_15)
FNDA:4,(anonymous_16)
FNDA:2,(anonymous_17)
FNDA:81,(anonymous_18)
FNDA:2,(anonymous_19)
FNDA:2,(anonymous_20)
FNDA:83,(anonymous_21)
FNDA:2,(anonymous_22)
FNDA:3,(anonymous_23)
DA:1,4
DA:2,4
DA:3,4
DA:4,4
DA:5,4
DA:6,4
DA:9,240
DA:10,240
DA:11,238
DA:14,4
DA:15,4
DA:17,4
DA:18,2
DA:20,4
DA:21,2
DA:22,2
DA:23,1
DA:25,4
DA:26,42
DA:28,41
DA:29,40
DA:31,4
DA:32,43
DA:33,43
DA:34,43
DA:35,42
DA:36,42
DA:37,42
DA:40,42
DA:41,40
DA:43,4
DA:44,3
DA:45,3
DA:46,2
DA:48,4
DA:49,78
DA:51,77
DA:52,76
DA:54,4
DA:55,77
DA:56,77
DA:57,77
DA:58,76
DA:59,76
DA:62,76
DA:63,74
DA:66,4
DA:67,2
DA:71,90
DA:72,89
DA:73,89
DA:74,1
DA:76,88
DA:82,83
DA:83,82
DA:84,80
DA:85,79
DA:91,161
DA:92,161
DA:93,161
DA:94,160
DA:95,160
DA:96,84
DA:97,164
DA:98,82
DA:100,157
DA:101,156
DA:102,156
DA:103,155
DA:104,155
DA:106,155
DA:109,4
DA:110,2
DA:111,2
DA:112,2
DA:114,4
DA:115,5
DA:116,4
DA:117,4
DA:120,4
DA:121,44
DA:122,42
DA:123,40
DA:125,40
DA:127,4
DA:128,4
DA:129,4
DA:130,2
DA:132,2
DA:133,1
DA:135,4
DA:136,2
DA:137,2
DA:138,1
DA:141,4
DA:142,81
DA:144,77
DA:146,4
DA:147,2
DA:149,2
DA:150,1
DA:152,4
DA:153,2
DA:154,2
DA:155,1
DA:158,4
DA:159,83
DA:161,77
DA:163,4
DA:164,2
DA:166,2
DA:167,2
DA:169,4
DA:170,3
DA:171,3
DA:172,1
DA:175,4
LF:117
LH:117
BRDA:10,0,0,2
BRDA:10,0,1,238
BRDA:22,1,0,1
BRDA:22,1,1,1
BRDA:28,2,0,1
BRDA:28,2,1,40
BRDA:34,3,0,1
BRDA:34,3,1,42
BRDA:40,4,0,2
BRDA:40,4,1,40
BRDA:45,5,0,1
BRDA:45,5,1,2
BRDA:51,6,0,1
BRDA:51,6,1,76
BRDA:57,7,0,1
BRDA:57,7,1,76
BRDA:62,8,0,2
BRDA:62,8,1,74
BRDA:73,9,0,1
BRDA:73,9,1,88
BRDA:73,10,0,89
BRDA:73,10,1,89
BRDA:73,10,2,89
BRDA:82,11,0,1
BRDA:82,11,1,82
BRDA:84,12,0,1
BRDA:84,12,1,79
BRDA:93,13,0,1
BRDA:93,13,1,160
BRDA:95,14,0,84
BRDA:95,14,1,76
BRDA:96,15,0,2
BRDA:96,15,1,82
BRDA:96,16,0,84
BRDA:96,16,1,84
BRDA:96,16,2,83
BRDA:98,17,0,1
BRDA:98,17,1,81
BRDA:100,18,0,1
BRDA:100,18,1,156
BRDA:100,19,0,157
BRDA:100,19,1,1
BRDA:101,20,0,155
BRDA:101,20,1,1
BRDA:102,21,0,155
BRDA:102,21,1,1
BRDA:104,22,0,1
BRDA:104,22,1,154
BRDA:106,23,0,74
BRDA:106,23,1,81
BRDA:110,24,0,1
BRDA:110,24,1,1
BRDA:115,25,0,2
BRDA:115,25,1,3
BRDA:132,26,0,1
BRDA:132,26,1,1
BRDA:137,27,0,1
BRDA:137,27,1,1
BRDA:149,28,0,1
BRDA:149,28,1,1
BRDA:154,29,0,1
BRDA:154,29,1,1
BRDA:166,30,0,0
BRDA:166,30,1,2
BRDA:171,31,0,2
BRDA:171,31,1,1
BRF:66
BRH:65
end_of_record
TN:
SF:backend\routes\catalog.ts
FN:11,(anonymous_0)
FN:15,(anonymous_1)
FN:21,(anonymous_2)
FN:27,(anonymous_3)
FN:41,(anonymous_4)
FN:48,(anonymous_5)
FN:51,(anonymous_6)
FN:55,(anonymous_7)
FN:63,(anonymous_8)
FN:69,(anonymous_9)
FNF:10
FNH:10
FNDA:2,(anonymous_0)
FNDA:10,(anonymous_1)
FNDA:1,(anonymous_2)
FNDA:6,(anonymous_3)
FNDA:13,(anonymous_4)
FNDA:4,(anonymous_5)
FNDA:8,(anonymous_6)
FNDA:3,(anonymous_7)
FNDA:5,(anonymous_8)
FNDA:2,(anonymous_9)
DA:1,2
DA:2,2
DA:3,2
DA:4,2
DA:5,2
DA:6,2
DA:8,2
DA:9,2
DA:11,2
DA:12,2
DA:15,2
DA:16,10
DA:18,10
DA:21,2
DA:22,1
DA:24,1
DA:27,2
DA:28,6
DA:38,6
DA:41,2
DA:42,13
DA:45,13
DA:48,2
DA:49,4
DA:51,2
DA:52,8
DA:55,2
DA:56,3
DA:57,3
DA:58,2
DA:60,2
DA:63,2
DA:64,5
DA:66,5
DA:69,2
DA:70,2
DA:71,2
DA:73,2
DA:76,2
LF:39
LH:39
BRDA:56,0,0,2
BRDA:56,0,1,1
BRDA:57,1,0,1
BRDA:57,1,1,2
BRDA:70,2,0,0
BRDA:70,2,1,2
BRDA:70,3,0,2
BRDA:70,3,1,2
BRF:8
BRH:7
end_of_record
TN:
SF:backend\routes\games.ts
FN:11,(anonymous_0)
FN:16,(anonymous_1)
FN:20,(anonymous_2)
FN:23,(anonymous_3)
FN:26,(anonymous_4)
FN:29,(anonymous_5)
FN:35,(anonymous_6)
FN:38,(anonymous_7)
FN:47,(anonymous_8)
FN:53,(anonymous_9)
FN:54,(anonymous_10)
FN:63,(anonymous_11)
FN:64,(anonymous_12)
FN:75,(anonymous_13)
FN:78,(anonymous_14)
FN:81,(anonymous_15)
FNF:16
FNH:16
FNDA:1,(anonymous_0)
FNDA:14,(anonymous_1)
FNDA:24,(anonymous_2)
FNDA:29,(anonymous_3)
FNDA:13,(anonymous_4)
FNDA:5,(anonymous_5)
FNDA:18,(anonymous_6)
FNDA:2,(anonymous_7)
FNDA:4,(anonymous_8)
FNDA:2,(anonymous_9)
FNDA:2,(anonymous_10)
FNDA:3,(anonymous_11)
FNDA:3,(anonymous_12)
FNDA:14,(anonymous_13)
FNDA:15,(anonymous_14)
FNDA:3,(anonymous_15)
DA:1,2
DA:2,2
DA:3,2
DA:4,2
DA:5,2
DA:6,2
DA:7,2
DA:9,2
DA:10,2
DA:11,2
DA:12,1
DA:14,1
DA:16,2
DA:17,14
DA:18,13
DA:20,2
DA:21,24
DA:23,2
DA:24,29
DA:26,2
DA:27,13
DA:29,2
DA:30,5
DA:32,5
DA:33,3
DA:35,2
DA:36,18
DA:38,2
DA:39,2
DA:44,2
DA:45,1
DA:47,2
DA:48,4
DA:50,4
DA:51,1
DA:53,2
DA:54,2
DA:55,2
DA:56,2
DA:57,2
DA:58,2
DA:59,2
DA:61,2
DA:63,2
DA:64,3
DA:65,3
DA:66,2
DA:67,2
DA:68,1
DA:70,1
DA:73,2
DA:75,2
DA:76,14
DA:78,2
DA:79,15
DA:81,2
DA:82,3
DA:84,2
LF:58
LH:58
BRDA:17,0,0,1
BRDA:17,0,1,13
BRDA:17,1,0,14
BRDA:17,1,1,5
BRDA:32,2,0,2
BRDA:32,2,1,3
BRDA:44,3,0,1
BRDA:44,3,1,1
BRDA:50,4,0,3
BRDA:50,4,1,1
BRDA:56,5,0,0
BRDA:56,5,1,2
BRDA:57,6,0,1
BRDA:57,6,1,1
BRDA:58,7,0,1
BRDA:58,7,1,1
BRDA:66,8,0,0
BRDA:66,8,1,2
BRDA:67,9,0,1
BRDA:67,9,1,1
BRF:20
BRH:18
end_of_record
TN:
SF:backend\routes\trails.ts
FN:10,values
FN:20,revision
FN:25,(anonymous_2)
FN:28,(anonymous_3)
FN:32,(anonymous_4)
FN:38,(anonymous_5)
FN:42,(anonymous_6)
FN:42,(anonymous_7)
FN:44,(anonymous_8)
FN:50,(anonymous_9)
FN:59,(anonymous_10)
FN:66,(anonymous_11)
FN:86,(anonymous_12)
FN:87,(anonymous_13)
FN:88,(anonymous_14)
FNF:15
FNH:14
FNDA:7,values
FNDA:12,revision
FNDA:0,(anonymous_2)
FNDA:6,(anonymous_3)
FNDA:1,(anonymous_4)
FNDA:1,(anonymous_5)
FNDA:2,(anonymous_6)
FNDA:3,(anonymous_7)
FNDA:5,(anonymous_8)
FNDA:7,(anonymous_9)
FNDA:1,(anonymous_10)
FNDA:9,(anonymous_11)
FNDA:7,(anonymous_12)
FNDA:14,(anonymous_13)
FNDA:9,(anonymous_14)
DA:1,1
DA:2,1
DA:3,1
DA:4,1
DA:5,1
DA:7,1
DA:8,1
DA:11,7
DA:12,7
DA:13,7
DA:14,6
DA:15,6
DA:16,5
DA:17,5
DA:18,4
DA:21,12
DA:22,12
DA:23,12
DA:25,1
DA:26,0
DA:28,1
DA:29,6
DA:30,3
DA:32,1
DA:33,1
DA:35,1
DA:36,1
DA:38,1
DA:39,1
DA:40,1
DA:41,1
DA:42,3
DA:44,1
DA:45,5
DA:47,5
DA:48,5
DA:50,1
DA:51,7
DA:56,7
DA:57,4
DA:59,1
DA:60,1
DA:61,1
DA:64,1
DA:65,1
DA:66,1
DA:67,9
DA:80,9
DA:81,9
DA:82,14
DA:83,14
DA:84,14
DA:86,9
DA:87,14
DA:88,9
LF:55
LH:54
BRDA:13,0,0,1
BRDA:13,0,1,6
BRDA:13,1,0,7
BRDA:13,1,1,7
BRDA:13,1,2,6
BRDA:15,2,0,1
BRDA:15,2,1,5
BRDA:17,3,0,1
BRDA:17,3,1,4
BRDA:22,4,0,0
BRDA:22,4,1,12
BRDA:35,5,0,0
BRDA:35,5,1,1
BRDA:40,6,0,0
BRDA:40,6,1,1
BRDA:42,7,0,2
BRDA:42,7,1,0
BRDA:47,8,0,0
BRDA:47,8,1,5
BRDA:56,9,0,3
BRDA:56,9,1,4
BRDA:60,10,0,0
BRDA:60,10,1,1
BRDA:82,11,0,7
BRDA:82,11,1,7
BRDA:84,12,0,14
BRDA:84,12,1,13
BRDA:84,12,2,7
BRDA:88,13,0,7
BRDA:88,13,1,0
BRF:30
BRH:23
end_of_record
TN:
SF:backend\routes\events\submitAnswer.ts
FN:7,(anonymous_0)
FN:10,(anonymous_1)
FNF:2
FNH:2
FNDA:7,(anonymous_0)
FNDA:14,(anonymous_1)
DA:1,1
DA:2,1
DA:3,1
DA:4,1
DA:6,1
DA:7,1
DA:8,7
DA:10,1
DA:11,14
DA:13,1
LF:10
LH:10
BRF:0
BRH:0
end_of_record
TN:
SF:backend\routes\events\verifyLocation.ts
FN:17,(anonymous_0)
FNF:1
FNH:1
FNDA:15,(anonymous_0)
DA:1,2
DA:2,2
DA:3,2
DA:4,2
DA:5,2
DA:7,2
DA:17,2
DA:18,15
DA:19,15
DA:20,15
DA:21,15
DA:22,15
DA:24,15
DA:25,0
DA:29,15
DA:30,1
DA:35,14
DA:37,14
DA:39,14
DA:40,2
DA:43,12
DA:45,12
DA:46,0
DA:52,12
DA:53,1
DA:62,11
DA:64,11
DA:67,11
DA:74,2
LF:29
LH:27
BRDA:22,0,0,4
BRDA:22,0,1,11
BRDA:24,1,0,0
BRDA:24,1,1,15
BRDA:24,2,0,15
BRDA:24,2,1,15
BRDA:29,3,0,1
BRDA:29,3,1,14
BRDA:29,4,0,15
BRDA:29,4,1,4
BRDA:39,5,0,2
BRDA:39,5,1,12
BRDA:45,6,0,0
BRDA:45,6,1,12
BRDA:52,7,0,1
BRDA:52,7,1,11
BRF:16
BRH:14
end_of_record
TN:
SF:backend\services\battleService.ts
FN:10,validateDeck
FN:11,(anonymous_1)
FN:12,(anonymous_2)
FN:12,(anonymous_3)
FN:15,(anonymous_4)
FN:20,shuffle
FN:29,saveDeck
FN:36,startBattle
FN:40,(anonymous_8)
FN:68,(anonymous_9)
FN:68,(anonymous_10)
FN:69,(anonymous_11)
FN:80,createRound
FN:86,battleState
FN:87,(anonymous_14)
FN:93,(anonymous_15)
FN:95,(anonymous_16)
FN:97,(anonymous_17)
FN:103,(anonymous_18)
FN:103,(anonymous_19)
FN:104,(anonymous_20)
FN:104,(anonymous_21)
FN:105,(anonymous_22)
FN:105,(anonymous_23)
FN:109,battleMove
FN:110,(anonymous_25)
FN:126,(anonymous_26)
FN:127,(anonymous_27)
FN:143,advanceBattle
FN:144,(anonymous_29)
FNF:30
FNH:30
FNDA:10,validateDeck
FNDA:40,(anonymous_1)
FNDA:24,(anonymous_2)
FNDA:120,(anonymous_3)
FNDA:40,(anonymous_4)
FNDA:21,shuffle
FNDA:10,saveDeck
FNDA:13,startBattle
FNDA:10,(anonymous_8)
FNDA:105,(anonymous_9)
FNDA:63,(anonymous_10)
FNDA:10,(anonymous_11)
FNDA:13,createRound
FNDA:24,battleState
FNDA:24,(anonymous_14)
FNDA:67,(anonymous_15)
FNDA:134,(anonymous_16)
FNDA:595,(anonymous_17)
FNDA:67,(anonymous_18)
FNDA:50,(anonymous_19)
FNDA:230,(anonymous_20)
FNDA:115,(anonymous_21)
FNDA:67,(anonymous_22)
FNDA:67,(anonymous_23)
FNDA:29,battleMove
FNDA:29,(anonymous_25)
FNDA:30,(anonymous_26)
FNDA:80,(anonymous_27)
FNDA:13,advanceBattle
FNDA:13,(anonymous_29)
DA:1,2
DA:3,2
DA:4,2
DA:5,2
DA:8,2
DA:10,2
DA:11,40
DA:12,120
DA:13,2
DA:15,40
DA:16,0
DA:21,21
DA:22,21
DA:23,22
DA:24,22
DA:26,21
DA:30,10
DA:31,50
DA:36,2
DA:37,13
DA:38,11
DA:39,11
DA:40,10
DA:41,10
DA:42,10
DA:43,10
DA:45,10
DA:46,8
DA:48,8
DA:49,7
DA:50,3
DA:52,3
DA:53,1
DA:54,1
DA:55,1
DA:58,6
DA:60,6
DA:61,6
DA:64,4
DA:66,4
DA:67,4
DA:68,105
DA:69,10
DA:70,18
DA:71,17
DA:73,3
DA:75,5
DA:76,5
DA:81,13
DA:82,13
DA:86,2
DA:87,24
DA:88,24
DA:89,23
DA:90,23
DA:91,23
DA:92,23
DA:93,23
DA:94,67
DA:95,67
DA:96,134
DA:97,595
DA:99,67
DA:103,67
DA:104,230
DA:105,67
DA:109,2
DA:110,29
DA:111,29
DA:112,29
DA:113,29
DA:114,29
DA:115,29
DA:116,29
DA:117,29
DA:118,24
DA:119,24
DA:120,19
DA:121,19
DA:122,15
DA:123,15
DA:124,15
DA:125,10
DA:126,30
DA:127,80
DA:128,10
DA:129,10
DA:131,10
DA:132,2
DA:134,2
DA:135,2
DA:139,15
DA:143,2
DA:144,13
DA:145,13
DA:146,13
DA:147,12
DA:148,12
DA:149,12
DA:150,12
LF:100
LH:99
BRDA:11,0,0,2
BRDA:11,0,1,8
BRDA:11,1,0,10
BRDA:11,1,1,8
BRDA:11,1,2,8
BRDA:15,2,0,0
BRDA:15,2,1,8
BRDA:15,3,0,40
BRDA:15,3,1,40
BRDA:15,3,2,40
BRDA:37,4,0,2
BRDA:37,4,1,11
BRDA:37,5,0,13
BRDA:37,5,1,12
BRDA:39,6,0,1
BRDA:39,6,1,10
BRDA:48,7,0,1
BRDA:48,7,1,7
BRDA:49,8,0,3
BRDA:49,8,1,4
BRDA:52,9,0,1
BRDA:52,9,1,2
BRDA:59,10,0,4
BRDA:59,10,1,2
BRDA:61,11,0,4
BRDA:61,11,1,2
BRDA:68,12,0,105
BRDA:68,12,1,34
BRDA:70,13,0,1
BRDA:70,13,1,17
BRDA:81,14,0,7
BRDA:81,14,1,6
BRDA:89,15,0,0
BRDA:89,15,1,23
BRDA:90,16,0,18
BRDA:90,16,1,5
BRDA:96,17,0,67
BRDA:96,17,1,67
BRDA:97,18,0,117
BRDA:97,18,1,17
BRDA:97,19,0,134
BRDA:97,19,1,34
BRDA:97,20,0,117
BRDA:97,20,1,17
BRDA:97,21,0,595
BRDA:97,21,1,321
BRDA:103,22,0,40
BRDA:103,22,1,10
BRDA:112,23,0,0
BRDA:112,23,1,29
BRDA:112,24,0,29
BRDA:112,24,1,29
BRDA:114,25,0,0
BRDA:114,25,1,29
BRDA:114,26,0,29
BRDA:114,26,1,29
BRDA:115,27,0,24
BRDA:115,27,1,5
BRDA:116,28,0,24
BRDA:116,28,1,5
BRDA:117,29,0,5
BRDA:117,29,1,24
BRDA:119,30,0,5
BRDA:119,30,1,19
BRDA:121,31,0,4
BRDA:121,31,1,15
BRDA:124,32,0,10
BRDA:124,32,1,5
BRDA:124,33,0,15
BRDA:124,33,1,15
BRDA:126,34,0,30
BRDA:126,34,1,30
BRDA:127,35,0,80
BRDA:127,35,1,30
BRDA:128,36,0,5
BRDA:128,36,1,5
BRDA:128,37,0,5
BRDA:128,37,1,0
BRDA:130,38,0,5
BRDA:130,38,1,5
BRDA:130,39,0,0
BRDA:130,39,1,5
BRDA:131,40,0,2
BRDA:131,40,1,8
BRDA:134,41,0,1
BRDA:134,41,1,1
BRDA:134,42,0,1
BRDA:134,42,1,0
BRDA:136,43,0,1
BRDA:136,43,1,1
BRDA:136,44,0,0
BRDA:136,44,1,1
BRDA:146,45,0,1
BRDA:146,45,1,12
BRDA:146,46,0,13
BRDA:146,46,1,13
BRDA:148,47,0,0
BRDA:148,47,1,12
BRDA:148,48,0,12
BRDA:148,48,1,12
BRDA:148,48,2,12
BRDA:150,49,0,12
BRDA:150,49,1,8
BRF:103
BRH:94
end_of_record
TN:
SF:backend\services\challengeService.ts
FN:5,requireVerifiedEvent
FN:13,loadChallenge
FN:14,(anonymous_2)
FN:24,submitAnswer
FN:25,(anonymous_4)
FNF:5
FNH:5
FNDA:21,requireVerifiedEvent
FNDA:7,loadChallenge
FNDA:7,(anonymous_2)
FNDA:14,submitAnswer
FNDA:14,(anonymous_4)
DA:2,1
DA:3,1
DA:5,1
DA:6,21
DA:7,21
DA:8,20
DA:10,20
DA:13,1
DA:14,7
DA:15,7
DA:16,5
DA:20,5
DA:24,1
DA:25,14
DA:26,14
DA:27,13
DA:28,13
DA:30,13
DA:31,12
DA:33,12
DA:34,10
DA:35,10
DA:37,10
DA:38,10
DA:39,7
DA:41,6
DA:43,9
LF:27
LH:27
BRDA:7,0,0,1
BRDA:7,0,1,20
BRDA:10,1,0,2
BRDA:10,1,1,18
BRDA:20,2,0,5
BRDA:20,2,1,1
BRDA:30,3,0,1
BRDA:30,3,1,12
BRDA:33,4,0,2
BRDA:33,4,1,10
BRDA:38,5,0,7
BRDA:38,5,1,3
BRDA:38,6,0,10
BRDA:38,6,1,7
BRF:14
BRH:14
end_of_record
TN:
SF:backend\services\database.ts
FN:12,transaction
FNF:1
FNH:1
FNDA:171,transaction
DA:1,1
DA:2,1
DA:5,1
DA:12,1
DA:13,171
DA:14,171
DA:15,171
DA:16,171
DA:17,111
DA:18,111
DA:20,60
DA:21,60
DA:23,171
LF:13
LH:13
BRF:0
BRH:0
end_of_record
TN:
SF:backend\services\exchangeService.ts
FN:11,exchangeOptions
FN:20,exchangeCards
FN:21,(anonymous_2)
FN:32,(anonymous_3)
FNF:4
FNH:4
FNDA:4,exchangeOptions
FNDA:12,exchangeCards
FNDA:12,(anonymous_2)
FNDA:9,(anonymous_3)
DA:1,3
DA:2,3
DA:5,3
DA:11,3
DA:12,4
DA:15,4
DA:16,3
DA:17,3
DA:20,3
DA:21,12
DA:24,12
DA:25,12
DA:26,12
DA:27,11
DA:29,11
DA:30,9
DA:31,9
DA:32,9
DA:33,3
DA:34,2
LF:20
LH:20
BRDA:15,0,0,1
BRDA:15,0,1,3
BRDA:15,1,0,4
BRDA:15,1,1,4
BRDA:17,2,0,3
BRDA:17,2,1,0
BRDA:26,3,0,1
BRDA:26,3,1,11
BRDA:29,4,0,2
BRDA:29,4,1,9
BRDA:31,5,0,6
BRDA:31,5,1,3
BRF:12
BRH:11
end_of_record
TN:
SF:backend\services\gameService.ts
FN:6,lockGame
FN:12,findOwnedCard
FN:19,ownedCard
FN:26,latestRound
FN:27,(anonymous_4)
FN:49,matchmake
FN:50,(anonymous_6)
FN:72,playCard
FN:73,(anonymous_8)
FN:91,resolveRound
FN:92,(anonymous_10)
FN:116,nextRound
FN:117,(anonymous_12)
FNF:13
FNH:13
FNDA:121,lockGame
FNDA:59,findOwnedCard
FNDA:29,ownedCard
FNDA:18,latestRound
FNDA:18,(anonymous_4)
FNDA:11,matchmake
FNDA:11,(anonymous_6)
FNDA:14,playCard
FNDA:14,(anonymous_8)
FNDA:15,resolveRound
FNDA:15,(anonymous_10)
FNDA:3,nextRound
FNDA:3,(anonymous_12)
DA:2,2
DA:3,2
DA:4,2
DA:6,2
DA:7,121
DA:8,121
DA:9,117
DA:13,59
DA:16,59
DA:21,29
DA:22,29
DA:23,24
DA:26,2
DA:27,18
DA:28,18
DA:29,17
DA:30,12
DA:31,12
DA:32,12
DA:33,12
DA:34,12
DA:35,12
DA:36,2
DA:39,12
DA:40,12
DA:41,12
DA:42,5
DA:43,3
DA:45,12
DA:49,2
DA:50,11
DA:52,11
DA:53,11
DA:54,10
DA:56,10
DA:57,10
DA:59,10
DA:60,5
DA:61,5
DA:62,5
DA:64,5
DA:66,5
DA:68,5
DA:72,2
DA:73,14
DA:74,14
DA:75,14
DA:76,9
DA:77,8
DA:78,8
DA:79,8
DA:80,8
DA:81,8
DA:82,3
DA:84,5
DA:85,3
DA:86,1
DA:87,3
DA:91,2
DA:92,15
DA:93,15
DA:94,14
DA:95,9
DA:96,9
DA:97,9
DA:98,7
DA:99,7
DA:101,6
DA:103,5
DA:104,5
DA:105,4
DA:107,4
DA:109,5
DA:111,5
DA:112,5
DA:116,2
DA:117,3
DA:118,3
DA:119,3
DA:120,3
DA:121,3
DA:122,3
DA:123,2
DA:124,2
DA:125,1
LF:85
LH:85
BRDA:8,0,0,4
BRDA:8,0,1,117
BRDA:8,1,0,121
BRDA:8,1,1,121
BRDA:8,1,2,33
BRDA:20,2,0,16
BRDA:22,3,0,5
BRDA:22,3,1,24
BRDA:29,4,0,5
BRDA:29,4,1,12
BRDA:31,5,0,0
BRDA:31,5,1,12
BRDA:31,6,0,12
BRDA:31,6,1,12
BRDA:31,7,0,0
BRDA:31,7,1,0
BRDA:32,8,0,12
BRDA:32,8,1,12
BRDA:33,9,0,12
BRDA:33,9,1,11
BRDA:35,10,0,2
BRDA:35,10,1,10
BRDA:35,11,0,8
BRDA:35,11,1,4
BRDA:35,12,0,8
BRDA:35,12,1,8
BRDA:35,13,0,4
BRDA:35,13,1,3
BRDA:39,14,0,2
BRDA:39,14,1,10
BRDA:40,15,0,3
BRDA:40,15,1,9
BRDA:41,16,0,5
BRDA:41,16,1,7
BRDA:41,17,0,12
BRDA:41,17,1,10
BRDA:42,18,0,2
BRDA:42,18,1,3
BRDA:56,19,0,0
BRDA:56,19,1,10
BRDA:59,20,0,5
BRDA:59,20,1,5
BRDA:75,21,0,5
BRDA:75,21,1,9
BRDA:76,22,0,1
BRDA:76,22,1,8
BRDA:78,23,0,0
BRDA:78,23,1,8
BRDA:78,24,0,8
BRDA:78,24,1,8
BRDA:80,25,0,5
BRDA:80,25,1,3
BRDA:81,26,0,3
BRDA:81,26,1,5
BRDA:81,27,0,8
BRDA:81,27,1,7
BRDA:85,28,0,2
BRDA:85,28,1,1
BRDA:94,29,0,5
BRDA:94,29,1,9
BRDA:96,30,0,0
BRDA:96,30,1,9
BRDA:97,31,0,2
BRDA:97,31,1,7
BRDA:98,32,0,0
BRDA:98,32,1,7
BRDA:98,33,0,7
BRDA:98,33,1,7
BRDA:98,33,2,7
BRDA:103,34,0,1
BRDA:103,34,1,4
BRDA:103,35,0,3
BRDA:103,35,1,1
BRDA:104,36,0,4
BRDA:104,36,1,1
BRDA:105,37,0,3
BRDA:105,37,1,1
BRDA:111,38,0,4
BRDA:111,38,1,1
BRDA:119,39,0,0
BRDA:119,39,1,3
BRDA:120,40,0,0
BRDA:120,40,1,3
BRDA:122,41,0,1
BRDA:122,41,1,2
BRDA:122,42,0,3
BRDA:122,42,1,3
BRDA:124,43,0,1
BRDA:124,43,1,1
BRF:89
BRH:80
end_of_record
TN:
SF:backend\services\landmarkService.ts
FN:8,lookupLandmark
FN:37,(anonymous_1)
FN:41,(anonymous_2)
FN:42,(anonymous_3)
FN:50,requireLandmark
FNF:5
FNH:5
FNDA:13,lookupLandmark
FNDA:2,(anonymous_1)
FNDA:2,(anonymous_2)
FNDA:1,(anonymous_3)
FNDA:9,requireLandmark
DA:1,1
DA:2,1
DA:6,1
DA:8,1
DA:9,13
DA:10,11
DA:11,11
DA:12,11
DA:13,11
DA:15,10
DA:23,10
DA:24,10
DA:30,8
DA:31,6
DA:32,6
DA:33,2
DA:35,8
DA:37,2
DA:41,2
DA:42,2
DA:43,2
DA:44,2
DA:45,2
DA:46,2
DA:47,2
DA:50,1
DA:51,9
DA:52,1
DA:53,0
LF:29
LH:28
BRDA:13,0,0,1
BRDA:13,0,1,10
BRDA:13,1,0,11
BRDA:13,1,1,1
BRDA:30,2,0,2
BRDA:30,2,1,6
BRDA:32,3,0,4
BRDA:32,3,1,2
BRDA:32,4,0,6
BRDA:32,4,1,4
BRDA:37,5,0,2
BRDA:37,5,1,2
BRDA:37,5,2,2
BRDA:37,5,3,2
BRDA:37,5,4,2
BRDA:37,5,5,2
BRDA:37,5,6,2
BRDA:40,6,0,2
BRDA:40,6,1,1
BRDA:40,7,0,2
BRDA:40,7,1,1
BRDA:41,8,0,2
BRDA:41,8,1,1
BRDA:41,9,0,2
BRDA:41,9,1,1
BRDA:44,10,0,1
BRDA:44,10,1,1
BRDA:45,11,0,0
BRDA:45,11,1,2
BRDA:52,12,0,1
BRDA:52,12,1,0
BRF:31
BRH:29
end_of_record
TN:
SF:backend\services\locationService.ts
FN:5,haversineDistanceMeters
FN:13,(anonymous_1)
FN:37,verifyPlayerLocation
FNF:3
FNH:3
FNDA:21,haversineDistanceMeters
FNDA:84,(anonymous_1)
FNDA:18,verifyPlayerLocation
DA:5,3
DA:11,21
DA:13,84
DA:15,21
DA:16,21
DA:19,21
DA:22,21
DA:24,21
DA:37,3
DA:48,18
DA:55,18
DA:57,18
DA:58,18
DA:60,18
LF:14
LH:14
BRDA:58,0,0,18
BRDA:58,0,1,17
BRF:2
BRH:2
end_of_record
TN:
SF:backend\services\notifications.ts
FN:3,notifyGamePlayers
FNF:1
FNH:1
FNDA:7,notifyGamePlayers
DA:3,2
DA:4,7
LF:2
LH:2
BRF:0
BRH:0
end_of_record
TN:
SF:backend\services\validation.ts
FN:2,(anonymous_0)
FN:5,id
FN:12,text
FN:19,number
FN:26,optionalText
FNF:5
FNH:5
FNDA:123,(anonymous_0)
FNDA:1164,id
FNDA:1010,text
FNDA:656,number
FNDA:490,optionalText
DA:1,6
DA:2,123
DA:5,6
DA:6,1164
DA:7,1
DA:9,1163
DA:12,6
DA:13,1010
DA:14,1
DA:16,1009
DA:19,6
DA:20,656
DA:21,4
DA:23,652
DA:26,6
DA:27,490
LF:16
LH:16
BRDA:6,0,0,1
BRDA:6,0,1,1163
BRDA:6,1,0,1164
BRDA:6,1,1,1164
BRDA:12,2,0,836
BRDA:13,3,0,1
BRDA:13,3,1,1009
BRDA:13,4,0,1010
BRDA:13,4,1,1009
BRDA:13,4,2,1009
BRDA:20,5,0,4
BRDA:20,5,1,652
BRDA:20,6,0,656
BRDA:20,6,1,655
BRDA:20,6,2,655
BRDA:20,6,3,654
BRDA:27,7,0,327
BRDA:27,7,1,163
BRDA:27,8,0,490
BRDA:27,8,1,470
BRDA:27,8,2,163
BRF:21
BRH:21
end_of_record
