TN:
SF:backend\app.ts
FN:15,(anonymous_1)
FN:19,(anonymous_2)
FN:24,(anonymous_3)
FN:25,(anonymous_4)
FN:26,(anonymous_5)
FNF:5
FNH:3
FNDA:2,(anonymous_1)
FNDA:152,(anonymous_2)
FNDA:0,(anonymous_3)
FNDA:0,(anonymous_4)
FNDA:23,(anonymous_5)
DA:1,1
DA:2,1
DA:3,1
DA:4,1
DA:5,1
DA:6,1
DA:7,1
DA:8,1
DA:9,1
DA:11,1
DA:12,1
DA:13,1
DA:15,2
DA:17,1
DA:18,1
DA:19,152
DA:20,1
DA:21,1
DA:22,1
DA:23,1
DA:24,1
DA:25,1
DA:26,1
DA:27,23
DA:28,1
DA:29,1
DA:30,1
DA:31,0
DA:33,1
DA:39,1
DA:41,1
LF:31
LH:30
BRDA:13,0,0,1
BRDA:13,0,1,0
BRDA:27,1,0,22
BRDA:27,1,1,1
BRDA:28,2,0,0
BRDA:28,2,1,1
BRDA:29,3,0,0
BRDA:29,3,1,1
BRDA:30,4,0,0
BRDA:30,4,1,1
BRDA:30,5,0,1
BRDA:30,5,1,1
BRDA:37,6,0,0
BRDA:37,6,1,1
BRF:14
BRH:9
end_of_record
TN:
SF:backend\config.ts
FNF:0
FNH:0
DA:1,1
DA:2,1
DA:5,1
DA:6,1
LF:4
LH:4
BRF:0
BRH:0
end_of_record
TN:
SF:backend\middleware\requireAdmin.ts
FN:3,isAdministrator
FN:4,(anonymous_1)
FN:7,requireAdmin
FNF:3
FNH:3
FNDA:62,isAdministrator
FNDA:62,(anonymous_1)
FNDA:60,requireAdmin
DA:3,1
DA:4,62
DA:7,1
DA:8,60
DA:9,3
DA:11,57
LF:6
LH:6
BRDA:4,0,0,62
BRDA:4,0,1,0
BRDA:8,1,0,3
BRDA:8,1,1,57
BRDA:8,2,0,60
BRDA:8,2,1,60
BRF:6
BRH:5
end_of_record
TN:
SF:backend\middleware\requireAuth.ts
FN:25,requireAuth
FNF:1
FNH:1
FNDA:152,requireAuth
DA:2,1
DA:25,1
DA:26,152
DA:28,152
DA:29,1
DA:32,151
DA:34,151
DA:36,151
DA:37,1
DA:40,150
DA:45,150
LF:11
LH:11
BRDA:28,0,0,1
BRDA:28,0,1,151
BRDA:28,1,0,152
BRDA:28,1,1,151
BRDA:36,2,0,1
BRDA:36,2,1,150
BRDA:36,3,0,151
BRDA:36,3,1,150
BRDA:42,4,0,0
BRDA:42,4,1,150
BRF:10
BRH:9
end_of_record
TN:
SF:backend\routes\admin.ts
FN:11,(anonymous_0)
FN:15,eventValues
FN:26,cardValues
FN:35,challengeValues
FN:42,(anonymous_4)
FN:54,(anonymous_5)
FN:59,(anonymous_6)
FN:64,(anonymous_7)
FN:71,(anonymous_8)
FN:79,(anonymous_9)
FN:85,(anonymous_10)
FN:90,(anonymous_11)
FN:96,(anonymous_12)
FN:102,(anonymous_13)
FN:107,(anonymous_14)
FN:113,(anonymous_15)
FNF:16
FNH:9
FNDA:1,(anonymous_0)
FNDA:21,eventValues
FNDA:19,cardValues
FNDA:16,challengeValues
FNDA:30,(anonymous_4)
FNDA:0,(anonymous_5)
FNDA:0,(anonymous_6)
FNDA:18,(anonymous_7)
FNDA:3,(anonymous_8)
FNDA:0,(anonymous_9)
FNDA:19,(anonymous_10)
FNDA:0,(anonymous_11)
FNDA:0,(anonymous_12)
FNDA:16,(anonymous_13)
FNDA:0,(anonymous_14)
FNDA:0,(anonymous_15)
DA:1,1
DA:2,1
DA:3,1
DA:4,1
DA:5,1
DA:6,1
DA:8,1
DA:9,1
DA:11,1
DA:12,1
DA:16,21
DA:17,20
DA:18,20
DA:19,0
DA:21,20
DA:27,19
DA:28,19
DA:29,19
DA:30,19
DA:36,16
DA:37,16
DA:38,16
DA:39,16
DA:40,16
DA:41,15
DA:42,30
DA:43,15
DA:45,16
DA:46,16
DA:47,16
DA:48,16
DA:49,16
DA:51,16
DA:54,1
DA:55,0
DA:56,0
DA:57,0
DA:59,1
DA:60,0
DA:61,0
DA:64,1
DA:65,18
DA:66,17
DA:67,15
DA:69,15
DA:71,1
DA:72,3
DA:73,3
DA:74,1
DA:76,1
DA:77,1
DA:79,1
DA:80,0
DA:81,0
DA:82,0
DA:85,1
DA:86,19
DA:88,19
DA:90,1
DA:91,0
DA:93,0
DA:94,0
DA:96,1
DA:97,0
DA:98,0
DA:99,0
DA:102,1
DA:103,16
DA:105,16
DA:107,1
DA:108,0
DA:110,0
DA:111,0
DA:113,1
DA:114,0
DA:115,0
DA:116,0
DA:119,1
LF:78
LH:57
BRDA:18,0,0,0
BRDA:18,0,1,20
BRDA:18,1,0,20
BRDA:18,1,1,20
BRDA:18,1,2,20
BRDA:27,2,0,0
BRDA:27,2,1,19
BRDA:29,3,0,0
BRDA:29,3,1,19
BRDA:38,4,0,0
BRDA:38,4,1,16
BRDA:40,5,0,15
BRDA:40,5,1,1
BRDA:41,6,0,0
BRDA:41,6,1,15
BRDA:41,7,0,15
BRDA:41,7,1,15
BRDA:41,7,2,15
BRDA:43,8,0,0
BRDA:43,8,1,15
BRDA:45,9,0,0
BRDA:45,9,1,16
BRDA:45,10,0,16
BRDA:45,10,1,0
BRDA:46,11,0,16
BRDA:46,11,1,0
BRDA:47,12,0,16
BRDA:47,12,1,0
BRDA:49,13,0,0
BRDA:49,13,1,16
BRDA:51,14,0,1
BRDA:51,14,1,15
BRDA:55,15,0,0
BRDA:55,15,1,0
BRDA:76,16,0,0
BRDA:76,16,1,1
BRDA:81,17,0,0
BRDA:81,17,1,0
BRDA:93,18,0,0
BRDA:93,18,1,0
BRDA:98,19,0,0
BRDA:98,19,1,0
BRDA:110,20,0,0
BRDA:110,20,1,0
BRDA:115,21,0,0
BRDA:115,21,1,0
BRF:46
BRH:22
end_of_record
TN:
SF:backend\routes\catalog.ts
FN:10,(anonymous_0)
FN:14,(anonymous_1)
FN:20,(anonymous_2)
FN:26,(anonymous_3)
FN:33,(anonymous_4)
FN:41,(anonymous_5)
FN:47,(anonymous_6)
FNF:7
FNH:5
FNDA:2,(anonymous_0)
FNDA:4,(anonymous_1)
FNDA:0,(anonymous_2)
FNDA:6,(anonymous_3)
FNDA:0,(anonymous_4)
FNDA:5,(anonymous_5)
FNDA:2,(anonymous_6)
DA:1,1
DA:2,1
DA:3,1
DA:4,1
DA:5,1
DA:7,1
DA:8,1
DA:10,1
DA:11,2
DA:14,1
DA:15,4
DA:17,4
DA:20,1
DA:21,0
DA:23,0
DA:26,1
DA:27,6
DA:30,6
DA:33,1
DA:34,0
DA:35,0
DA:36,0
DA:38,0
DA:41,1
DA:42,5
DA:44,5
DA:47,1
DA:48,2
DA:49,2
DA:51,2
DA:54,1
LF:31
LH:25
BRDA:34,0,0,0
BRDA:34,0,1,0
BRDA:35,1,0,0
BRDA:35,1,1,0
BRDA:48,2,0,0
BRDA:48,2,1,2
BRDA:48,3,0,2
BRDA:48,3,1,2
BRF:8
BRH:3
end_of_record
TN:
SF:backend\routes\games.ts
FN:10,(anonymous_0)
FN:15,(anonymous_1)
FN:18,(anonymous_2)
FN:24,(anonymous_3)
FN:27,(anonymous_4)
FN:36,(anonymous_5)
FN:42,(anonymous_6)
FN:43,(anonymous_7)
FN:52,(anonymous_8)
FN:53,(anonymous_9)
FN:64,(anonymous_10)
FN:67,(anonymous_11)
FN:70,(anonymous_12)
FNF:13
FNH:12
FNDA:0,(anonymous_0)
FNDA:11,(anonymous_1)
FNDA:4,(anonymous_2)
FNDA:13,(anonymous_3)
FNDA:1,(anonymous_4)
FNDA:1,(anonymous_5)
FNDA:1,(anonymous_6)
FNDA:1,(anonymous_7)
FNDA:3,(anonymous_8)
FNDA:3,(anonymous_9)
FNDA:9,(anonymous_10)
FNDA:10,(anonymous_11)
FNDA:3,(anonymous_12)
DA:1,1
DA:2,1
DA:3,1
DA:4,1
DA:5,1
DA:6,1
DA:8,1
DA:9,1
DA:10,1
DA:11,0
DA:13,0
DA:15,1
DA:16,11
DA:18,1
DA:19,4
DA:21,4
DA:22,3
DA:24,1
DA:25,13
DA:27,1
DA:28,1
DA:33,1
DA:34,1
DA:36,1
DA:37,1
DA:39,1
DA:40,0
DA:42,1
DA:43,1
DA:44,1
DA:45,1
DA:46,1
DA:47,1
DA:48,1
DA:50,1
DA:52,1
DA:53,3
DA:54,3
DA:55,2
DA:56,2
DA:57,1
DA:59,1
DA:62,2
DA:64,1
DA:65,9
DA:67,1
DA:68,10
DA:70,1
DA:71,3
DA:73,1
LF:50
LH:47
BRDA:21,0,0,1
BRDA:21,0,1,3
BRDA:33,1,0,0
BRDA:33,1,1,1
BRDA:39,2,0,1
BRDA:39,2,1,0
BRDA:45,3,0,0
BRDA:45,3,1,1
BRDA:46,4,0,0
BRDA:46,4,1,1
BRDA:55,5,0,0
BRDA:55,5,1,2
BRDA:56,6,0,1
BRDA:56,6,1,1
BRF:14
BRH:9
end_of_record
TN:
SF:backend\routes\events\submitAnswer.ts
FN:7,(anonymous_0)
FN:10,(anonymous_1)
FNF:2
FNH:2
FNDA:4,(anonymous_0)
FNDA:6,(anonymous_1)
DA:1,1
DA:2,1
DA:3,1
DA:4,1
DA:6,1
DA:7,1
DA:8,4
DA:10,1
DA:11,6
DA:13,1
LF:10
LH:10
BRF:0
BRH:0
end_of_record
TN:
SF:backend\routes\events\verifyLocation.ts
FN:17,(anonymous_0)
FNF:1
FNH:1
FNDA:5,(anonymous_0)
DA:1,1
DA:2,1
DA:3,1
DA:4,1
DA:5,1
DA:7,1
DA:17,1
DA:18,5
DA:19,5
DA:20,5
DA:21,5
DA:22,5
DA:24,5
DA:25,0
DA:29,5
DA:30,0
DA:35,5
DA:37,5
DA:39,5
DA:40,0
DA:43,5
DA:45,5
DA:46,0
DA:52,5
DA:53,1
DA:62,4
DA:64,4
DA:67,4
DA:74,1
LF:29
LH:25
BRDA:22,0,0,1
BRDA:22,0,1,4
BRDA:24,1,0,0
BRDA:24,1,1,5
BRDA:24,2,0,5
BRDA:24,2,1,5
BRDA:29,3,0,0
BRDA:29,3,1,5
BRDA:29,4,0,5
BRDA:29,4,1,1
BRDA:39,5,0,0
BRDA:39,5,1,5
BRDA:45,6,0,0
BRDA:45,6,1,5
BRDA:52,7,0,1
BRDA:52,7,1,4
BRF:16
BRH:12
end_of_record
TN:
SF:backend\services\challengeService.ts
FN:5,requireVerifiedEvent
FN:13,loadChallenge
FN:14,(anonymous_2)
FN:24,submitAnswer
FN:25,(anonymous_4)
FNF:5
FNH:5
FNDA:10,requireVerifiedEvent
FNDA:4,loadChallenge
FNDA:4,(anonymous_2)
FNDA:6,submitAnswer
FNDA:6,(anonymous_4)
DA:2,1
DA:3,1
DA:5,1
DA:6,10
DA:7,10
DA:8,10
DA:10,10
DA:13,1
DA:14,4
DA:15,4
DA:16,3
DA:20,3
DA:24,1
DA:25,6
DA:26,6
DA:27,5
DA:28,5
DA:30,5
DA:31,5
DA:33,5
DA:34,4
DA:35,4
DA:37,4
DA:38,4
DA:39,3
DA:42,2
DA:44,3
LF:27
LH:27
BRDA:7,0,0,0
BRDA:7,0,1,10
BRDA:10,1,0,2
BRDA:10,1,1,8
BRDA:20,2,0,3
BRDA:20,2,1,1
BRDA:30,3,0,0
BRDA:30,3,1,5
BRDA:33,4,0,1
BRDA:33,4,1,4
BRDA:38,5,0,3
BRDA:38,5,1,1
BRDA:38,6,0,4
BRDA:38,6,1,3
BRF:14
BRH:12
end_of_record
TN:
SF:backend\services\database.ts
FN:12,transaction
FNF:1
FNH:1
FNDA:60,transaction
DA:1,1
DA:2,1
DA:5,1
DA:12,1
DA:13,60
DA:14,60
DA:15,60
DA:16,60
DA:17,44
DA:18,44
DA:20,16
DA:21,16
DA:23,60
LF:13
LH:13
BRF:0
BRH:0
end_of_record
TN:
SF:backend\services\gameService.ts
FN:6,lockGame
FN:12,findOwnedCard
FN:19,ownedCard
FN:26,latestRound
FN:27,(anonymous_4)
FN:48,matchmake
FN:49,(anonymous_6)
FN:71,playCard
FN:72,(anonymous_8)
FN:89,resolveRound
FN:90,(anonymous_10)
FN:113,nextRound
FN:114,(anonymous_12)
FNF:13
FNH:13
FNDA:39,lockGame
FNDA:59,findOwnedCard
FNDA:29,ownedCard
FNDA:13,latestRound
FNDA:13,(anonymous_4)
FNDA:11,matchmake
FNDA:11,(anonymous_6)
FNDA:9,playCard
FNDA:9,(anonymous_8)
FNDA:10,resolveRound
FNDA:10,(anonymous_10)
FNDA:3,nextRound
FNDA:3,(anonymous_12)
DA:2,1
DA:3,1
DA:4,1
DA:6,1
DA:7,39
DA:8,39
DA:9,36
DA:13,59
DA:16,59
DA:21,29
DA:22,29
DA:23,24
DA:26,1
DA:27,13
DA:28,13
DA:29,12
DA:30,12
DA:31,12
DA:32,12
DA:33,12
DA:34,12
DA:35,2
DA:38,12
DA:39,12
DA:40,12
DA:41,5
DA:42,3
DA:44,12
DA:48,1
DA:49,11
DA:51,11
DA:52,11
DA:53,10
DA:55,10
DA:56,10
DA:58,10
DA:59,5
DA:60,5
DA:61,5
DA:63,5
DA:65,5
DA:67,5
DA:71,1
DA:72,9
DA:73,9
DA:74,9
DA:75,8
DA:76,8
DA:77,8
DA:78,8
DA:79,8
DA:80,3
DA:82,5
DA:83,3
DA:84,1
DA:85,3
DA:89,1
DA:90,10
DA:91,10
DA:92,9
DA:93,9
DA:94,9
DA:95,7
DA:96,7
DA:98,6
DA:100,5
DA:101,5
DA:102,4
DA:104,4
DA:106,5
DA:108,5
DA:109,5
DA:113,1
DA:114,3
DA:115,3
DA:116,3
DA:117,3
DA:118,3
DA:119,2
DA:120,2
DA:121,1
LF:81
LH:81
BRDA:8,0,0,3
BRDA:8,0,1,36
BRDA:8,1,0,39
BRDA:8,1,1,39
BRDA:8,1,2,18
BRDA:20,2,0,16
BRDA:22,3,0,5
BRDA:22,3,1,24
BRDA:30,4,0,0
BRDA:30,4,1,12
BRDA:30,5,0,12
BRDA:30,5,1,12
BRDA:30,6,0,0
BRDA:30,6,1,0
BRDA:31,7,0,12
BRDA:31,7,1,12
BRDA:32,8,0,12
BRDA:32,8,1,11
BRDA:34,9,0,2
BRDA:34,9,1,10
BRDA:34,10,0,8
BRDA:34,10,1,4
BRDA:34,11,0,8
BRDA:34,11,1,8
BRDA:34,12,0,4
BRDA:34,12,1,3
BRDA:38,13,0,2
BRDA:38,13,1,10
BRDA:39,14,0,3
BRDA:39,14,1,9
BRDA:40,15,0,5
BRDA:40,15,1,7
BRDA:40,16,0,12
BRDA:40,16,1,10
BRDA:41,17,0,2
BRDA:41,17,1,3
BRDA:55,18,0,0
BRDA:55,18,1,10
BRDA:58,19,0,5
BRDA:58,19,1,5
BRDA:74,20,0,1
BRDA:74,20,1,8
BRDA:76,21,0,0
BRDA:76,21,1,8
BRDA:76,22,0,8
BRDA:76,22,1,8
BRDA:78,23,0,5
BRDA:78,23,1,3
BRDA:79,24,0,3
BRDA:79,24,1,5
BRDA:79,25,0,8
BRDA:79,25,1,7
BRDA:83,26,0,2
BRDA:83,26,1,1
BRDA:93,27,0,0
BRDA:93,27,1,9
BRDA:94,28,0,2
BRDA:94,28,1,7
BRDA:95,29,0,0
BRDA:95,29,1,7
BRDA:95,30,0,7
BRDA:95,30,1,7
BRDA:95,30,2,7
BRDA:100,31,0,1
BRDA:100,31,1,4
BRDA:100,32,0,3
BRDA:100,32,1,1
BRDA:101,33,0,4
BRDA:101,33,1,1
BRDA:102,34,0,3
BRDA:102,34,1,1
BRDA:108,35,0,4
BRDA:108,35,1,1
BRDA:116,36,0,0
BRDA:116,36,1,3
BRDA:118,37,0,1
BRDA:118,37,1,2
BRDA:118,38,0,3
BRDA:118,38,1,3
BRDA:120,39,0,1
BRDA:120,39,1,1
BRF:81
BRH:73
end_of_record
TN:
SF:backend\services\landmarkService.ts
FN:8,lookupLandmark
FN:37,(anonymous_1)
FN:41,(anonymous_2)
FN:42,(anonymous_3)
FN:50,requireLandmark
FNF:5
FNH:5
FNDA:13,lookupLandmark
FNDA:2,(anonymous_1)
FNDA:2,(anonymous_2)
FNDA:1,(anonymous_3)
FNDA:9,requireLandmark
DA:1,1
DA:2,1
DA:6,1
DA:8,1
DA:9,13
DA:10,11
DA:11,11
DA:12,11
DA:13,11
DA:15,10
DA:23,10
DA:24,10
DA:30,8
DA:31,6
DA:32,6
DA:33,2
DA:35,8
DA:37,2
DA:41,2
DA:42,2
DA:43,2
DA:44,2
DA:45,2
DA:46,2
DA:47,2
DA:50,1
DA:51,9
DA:52,1
DA:53,0
LF:29
LH:28
BRDA:13,0,0,1
BRDA:13,0,1,10
BRDA:13,1,0,11
BRDA:13,1,1,1
BRDA:30,2,0,2
BRDA:30,2,1,6
BRDA:32,3,0,4
BRDA:32,3,1,2
BRDA:32,4,0,6
BRDA:32,4,1,4
BRDA:37,5,0,2
BRDA:37,5,1,2
BRDA:37,5,2,2
BRDA:37,5,3,2
BRDA:37,5,4,2
BRDA:37,5,5,2
BRDA:37,5,6,2
BRDA:40,6,0,2
BRDA:40,6,1,1
BRDA:40,7,0,2
BRDA:40,7,1,1
BRDA:41,8,0,2
BRDA:41,8,1,1
BRDA:41,9,0,2
BRDA:41,9,1,1
BRDA:44,10,0,1
BRDA:44,10,1,1
BRDA:45,11,0,0
BRDA:45,11,1,2
BRDA:52,12,0,1
BRDA:52,12,1,0
BRF:31
BRH:29
end_of_record
TN:
SF:backend\services\locationService.ts
FN:5,haversineDistanceMeters
FN:13,(anonymous_1)
FN:37,verifyPlayerLocation
FNF:3
FNH:3
FNDA:15,haversineDistanceMeters
FNDA:60,(anonymous_1)
FNDA:12,verifyPlayerLocation
DA:5,3
DA:11,15
DA:13,60
DA:15,15
DA:16,15
DA:19,15
DA:22,15
DA:24,15
DA:37,3
DA:48,12
DA:55,12
DA:57,12
DA:58,12
DA:60,12
LF:14
LH:14
BRDA:58,0,0,12
BRDA:58,0,1,11
BRF:2
BRH:2
end_of_record
TN:
SF:backend\services\notifications.ts
FN:3,notifyGamePlayers
FNF:1
FNH:1
FNDA:6,notifyGamePlayers
DA:3,1
DA:4,6
LF:2
LH:2
BRF:0
BRH:0
end_of_record
TN:
SF:backend\services\validation.ts
FN:2,(anonymous_0)
FN:5,id
FN:12,text
FN:19,number
FN:26,optionalText
FNF:5
FNH:5
FNDA:31,(anonymous_0)
FNDA:164,id
FNDA:198,text
FNDA:114,number
FNDA:115,optionalText
DA:1,2
DA:2,31
DA:5,2
DA:6,164
DA:7,0
DA:9,164
DA:12,2
DA:13,198
DA:14,1
DA:16,197
DA:19,2
DA:20,114
DA:21,2
DA:23,112
DA:26,2
DA:27,115
LF:16
LH:15
BRDA:6,0,0,0
BRDA:6,0,1,164
BRDA:6,1,0,164
BRDA:6,1,1,164
BRDA:12,2,0,148
BRDA:13,3,0,1
BRDA:13,3,1,197
BRDA:13,4,0,198
BRDA:13,4,1,197
BRDA:13,4,2,197
BRDA:20,5,0,2
BRDA:20,5,1,112
BRDA:20,6,0,114
BRDA:20,6,1,113
BRDA:20,6,2,113
BRDA:20,6,3,113
BRDA:27,7,0,76
BRDA:27,7,1,39
BRDA:27,8,0,115
BRDA:27,8,1,115
BRDA:27,8,2,39
BRF:21
BRH:20
end_of_record
